<?xml version="1.0" encoding="UTF-8"?>
<testng-results ignored="0" total="10" passed="9" failed="1" skipped="0">
  <reporter-output>
  </reporter-output>
  <suite started-at="2022-11-26T08:22:09Z" name="Command line suite" finished-at="2022-11-26T08:24:02Z" duration-ms="113055">
    <groups>
    </groups>
    <test started-at="2022-11-26T08:22:09Z" name="Command line test" finished-at="2022-11-26T08:24:02Z" duration-ms="113055">
      <class name="com.parabank.qa.testcases.RequestLoanPageTest">
        <test-method is-config="true" signature="setup()[pri:0, instance:com.parabank.qa.testcases.RequestLoanPageTest@481a996b]" started-at="2022-11-26T13:52:09Z" name="setup" finished-at="2022-11-26T13:52:30Z" duration-ms="20061" status="PASS">
          <reporter-output>
          </reporter-output>
        </test-method> <!-- setup -->
        <test-method signature="verifyRequestLoanLabel()[pri:1, instance:com.parabank.qa.testcases.RequestLoanPageTest@481a996b]" started-at="2022-11-26T13:52:30Z" name="verifyRequestLoanLabel" finished-at="2022-11-26T13:52:30Z" duration-ms="104" status="PASS">
          <reporter-output>
          </reporter-output>
        </test-method> <!-- verifyRequestLoanLabel -->
        <test-method is-config="true" signature="teardown()[pri:0, instance:com.parabank.qa.testcases.RequestLoanPageTest@481a996b]" started-at="2022-11-26T13:52:30Z" name="teardown" finished-at="2022-11-26T13:52:30Z" duration-ms="399" status="PASS">
          <reporter-output>
          </reporter-output>
        </test-method> <!-- teardown -->
        <test-method is-config="true" signature="setup()[pri:0, instance:com.parabank.qa.testcases.RequestLoanPageTest@481a996b]" started-at="2022-11-26T13:52:46Z" name="setup" finished-at="2022-11-26T13:52:55Z" duration-ms="8234" status="PASS">
          <reporter-output>
          </reporter-output>
        </test-method> <!-- setup -->
        <test-method signature="applyLoanApplication(java.lang.String, java.lang.String, java.lang.String)[pri:2, instance:com.parabank.qa.testcases.RequestLoanPageTest@481a996b]" started-at="2022-11-26T13:52:55Z" name="applyLoanApplication" data-provider="getRequestLoanTestData" finished-at="2022-11-26T13:52:58Z" duration-ms="2985" status="PASS">
          <params>
            <param index="0">
              <value>
                <![CDATA[1200.0]]>
              </value>
            </param>
            <param index="1">
              <value>
                <![CDATA[200.0]]>
              </value>
            </param>
            <param index="2">
              <value>
                <![CDATA[0.0]]>
              </value>
            </param>
          </params>
          <reporter-output>
          </reporter-output>
        </test-method> <!-- applyLoanApplication -->
        <test-method is-config="true" signature="teardown()[pri:0, instance:com.parabank.qa.testcases.RequestLoanPageTest@481a996b]" started-at="2022-11-26T13:52:58Z" name="teardown" finished-at="2022-11-26T13:52:58Z" duration-ms="337" status="PASS">
          <reporter-output>
          </reporter-output>
        </test-method> <!-- teardown -->
        <test-method is-config="true" signature="setup()[pri:0, instance:com.parabank.qa.testcases.RequestLoanPageTest@481a996b]" started-at="2022-11-26T13:52:58Z" name="setup" finished-at="2022-11-26T13:53:06Z" duration-ms="8002" status="PASS">
          <reporter-output>
          </reporter-output>
        </test-method> <!-- setup -->
        <test-method signature="applyLoanApplication(java.lang.String, java.lang.String, java.lang.String)[pri:2, instance:com.parabank.qa.testcases.RequestLoanPageTest@481a996b]" started-at="2022-11-26T13:53:06Z" name="applyLoanApplication" data-provider="getRequestLoanTestData" finished-at="2022-11-26T13:53:09Z" duration-ms="2972" status="PASS">
          <params>
            <param index="0">
              <value>
                <![CDATA[1500.0]]>
              </value>
            </param>
            <param index="1">
              <value>
                <![CDATA[500.0]]>
              </value>
            </param>
            <param index="2">
              <value>
                <![CDATA[1.0]]>
              </value>
            </param>
          </params>
          <reporter-output>
          </reporter-output>
        </test-method> <!-- applyLoanApplication -->
        <test-method is-config="true" signature="teardown()[pri:0, instance:com.parabank.qa.testcases.RequestLoanPageTest@481a996b]" started-at="2022-11-26T13:53:09Z" name="teardown" finished-at="2022-11-26T13:53:09Z" duration-ms="330" status="PASS">
          <reporter-output>
          </reporter-output>
        </test-method> <!-- teardown -->
        <test-method is-config="true" signature="setup()[pri:0, instance:com.parabank.qa.testcases.RequestLoanPageTest@481a996b]" started-at="2022-11-26T13:53:09Z" name="setup" finished-at="2022-11-26T13:53:18Z" duration-ms="8750" status="PASS">
          <reporter-output>
          </reporter-output>
        </test-method> <!-- setup -->
        <test-method signature="applyLoanApplication(java.lang.String, java.lang.String, java.lang.String)[pri:2, instance:com.parabank.qa.testcases.RequestLoanPageTest@481a996b]" started-at="2022-11-26T13:53:18Z" name="applyLoanApplication" data-provider="getRequestLoanTestData" finished-at="2022-11-26T13:53:21Z" duration-ms="3074" status="PASS">
          <params>
            <param index="0">
              <value>
                <![CDATA[2000.0]]>
              </value>
            </param>
            <param index="1">
              <value>
                <![CDATA[600.0]]>
              </value>
            </param>
            <param index="2">
              <value>
                <![CDATA[0.0]]>
              </value>
            </param>
          </params>
          <reporter-output>
          </reporter-output>
        </test-method> <!-- applyLoanApplication -->
        <test-method is-config="true" signature="teardown()[pri:0, instance:com.parabank.qa.testcases.RequestLoanPageTest@481a996b]" started-at="2022-11-26T13:53:21Z" name="teardown" finished-at="2022-11-26T13:53:21Z" duration-ms="332" status="PASS">
          <reporter-output>
          </reporter-output>
        </test-method> <!-- teardown -->
      </class> <!-- com.parabank.qa.testcases.RequestLoanPageTest -->
      <class name="com.parabank.qa.testcases.LoginPageTest">
        <test-method is-config="true" signature="setup()[pri:0, instance:com.parabank.qa.testcases.LoginPageTest@7ed7259e]" started-at="2022-11-26T13:52:38Z" name="setup" finished-at="2022-11-26T13:52:44Z" duration-ms="6519" status="PASS">
          <reporter-output>
          </reporter-output>
        </test-method> <!-- setup -->
        <test-method signature="loginPageTitleTest()[pri:1, instance:com.parabank.qa.testcases.LoginPageTest@7ed7259e]" started-at="2022-11-26T13:52:44Z" name="loginPageTitleTest" finished-at="2022-11-26T13:52:44Z" duration-ms="13" status="PASS">
          <reporter-output>
          </reporter-output>
        </test-method> <!-- loginPageTitleTest -->
        <test-method is-config="true" signature="teardown()[pri:0, instance:com.parabank.qa.testcases.LoginPageTest@7ed7259e]" started-at="2022-11-26T13:52:44Z" name="teardown" finished-at="2022-11-26T13:52:45Z" duration-ms="326" status="PASS">
          <reporter-output>
          </reporter-output>
        </test-method> <!-- teardown -->
        <test-method is-config="true" signature="setup()[pri:0, instance:com.parabank.qa.testcases.LoginPageTest@7ed7259e]" started-at="2022-11-26T13:53:40Z" name="setup" finished-at="2022-11-26T13:53:45Z" duration-ms="5612" status="PASS">
          <reporter-output>
          </reporter-output>
        </test-method> <!-- setup -->
        <test-method signature="bankLogoTest()[pri:2, instance:com.parabank.qa.testcases.LoginPageTest@7ed7259e]" started-at="2022-11-26T13:53:45Z" name="bankLogoTest" finished-at="2022-11-26T13:53:45Z" duration-ms="64" status="PASS">
          <reporter-output>
          </reporter-output>
        </test-method> <!-- bankLogoTest -->
        <test-method is-config="true" signature="teardown()[pri:0, instance:com.parabank.qa.testcases.LoginPageTest@7ed7259e]" started-at="2022-11-26T13:53:45Z" name="teardown" finished-at="2022-11-26T13:53:46Z" duration-ms="427" status="PASS">
          <reporter-output>
          </reporter-output>
        </test-method> <!-- teardown -->
        <test-method is-config="true" signature="setup()[pri:0, instance:com.parabank.qa.testcases.LoginPageTest@7ed7259e]" started-at="2022-11-26T13:53:55Z" name="setup" finished-at="2022-11-26T13:54:01Z" duration-ms="5436" status="PASS">
          <reporter-output>
          </reporter-output>
        </test-method> <!-- setup -->
        <test-method signature="loginTest()[pri:3, instance:com.parabank.qa.testcases.LoginPageTest@7ed7259e]" started-at="2022-11-26T13:54:01Z" name="loginTest" finished-at="2022-11-26T13:54:02Z" duration-ms="1270" status="PASS">
          <reporter-output>
          </reporter-output>
        </test-method> <!-- loginTest -->
        <test-method is-config="true" signature="teardown()[pri:0, instance:com.parabank.qa.testcases.LoginPageTest@7ed7259e]" started-at="2022-11-26T13:54:02Z" name="teardown" finished-at="2022-11-26T13:54:02Z" duration-ms="398" status="PASS">
          <reporter-output>
          </reporter-output>
        </test-method> <!-- teardown -->
      </class> <!-- com.parabank.qa.testcases.LoginPageTest -->
      <class name="com.parabank.qa.testcases.HomePageTest">
        <test-method is-config="true" signature="setup()[pri:0, instance:com.parabank.qa.testcases.HomePageTest@3d51f06e]" started-at="2022-11-26T13:52:30Z" name="setup" finished-at="2022-11-26T13:52:37Z" duration-ms="7323" status="PASS">
          <reporter-output>
          </reporter-output>
        </test-method> <!-- setup -->
        <test-method signature="verifyHomePageTitleTest()[pri:1, instance:com.parabank.qa.testcases.HomePageTest@3d51f06e]" started-at="2022-11-26T13:52:37Z" name="verifyHomePageTitleTest" finished-at="2022-11-26T13:52:37Z" duration-ms="18" status="PASS">
          <reporter-output>
          </reporter-output>
        </test-method> <!-- verifyHomePageTitleTest -->
        <test-method is-config="true" signature="teardown()[pri:0, instance:com.parabank.qa.testcases.HomePageTest@3d51f06e]" started-at="2022-11-26T13:52:37Z" name="teardown" finished-at="2022-11-26T13:52:38Z" duration-ms="383" status="PASS">
          <reporter-output>
          </reporter-output>
        </test-method> <!-- teardown -->
        <test-method is-config="true" signature="setup()[pri:0, instance:com.parabank.qa.testcases.HomePageTest@3d51f06e]" started-at="2022-11-26T13:53:21Z" name="setup" finished-at="2022-11-26T13:53:29Z" duration-ms="7440" status="PASS">
          <reporter-output>
          </reporter-output>
        </test-method> <!-- setup -->
        <test-method signature="verifyUsernameLabelTest()[pri:2, instance:com.parabank.qa.testcases.HomePageTest@3d51f06e]" started-at="2022-11-26T13:53:29Z" name="verifyUsernameLabelTest" finished-at="2022-11-26T13:53:39Z" duration-ms="10610" status="FAIL">
          <exception class="org.openqa.selenium.NoSuchElementException">
            <message>
              <![CDATA[no such element: Unable to locate element: {"method":"xpath","selector":"//*[contains(text(), 'John Smith')]"}
  (Session info: chrome=107.0.5304.110)
For documentation on this error, please visit: https://selenium.dev/exceptions/#no_such_element
Build info: version: '4.6.0', revision: '79f1c02ae20'
System info: os.name: 'Mac OS X', os.arch: 'x86_64', os.version: '10.16', java.version: '11.0.11'
Driver info: org.openqa.selenium.chrome.ChromeDriver
Command: [b41eef1247cc91c393a2fad3665f3958, findElement {using=xpath, value=//*[contains(text(), 'John Smith')]}]
Capabilities {acceptInsecureCerts: false, browserName: chrome, browserVersion: 107.0.5304.110, chrome: {chromedriverVersion: 107.0.5304.62 (1eec40d3a576..., userDataDir: /var/folders/l_/mxlyqq6d6qz...}, goog:chromeOptions: {debuggerAddress: localhost:53315}, networkConnectionEnabled: false, pageLoadStrategy: normal, platformName: MAC, proxy: Proxy(), se:cdp: ws://localhost:53315/devtoo..., se:cdpVersion: 107.0.5304.110, setWindowRect: true, strictFileInteractability: false, timeouts: {implicit: 0, pageLoad: 300000, script: 30000}, unhandledPromptBehavior: dismiss and notify, webauthn:extension:credBlob: true, webauthn:extension:largeBlob: true, webauthn:virtualAuthenticators: true}
Session ID: b41eef1247cc91c393a2fad3665f3958]]>
            </message>
            <full-stacktrace>
              <![CDATA[org.openqa.selenium.NoSuchElementException: no such element: Unable to locate element: {"method":"xpath","selector":"//*[contains(text(), 'John Smith')]"}
  (Session info: chrome=107.0.5304.110)
For documentation on this error, please visit: https://selenium.dev/exceptions/#no_such_element
Build info: version: '4.6.0', revision: '79f1c02ae20'
System info: os.name: 'Mac OS X', os.arch: 'x86_64', os.version: '10.16', java.version: '11.0.11'
Driver info: org.openqa.selenium.chrome.ChromeDriver
Command: [b41eef1247cc91c393a2fad3665f3958, findElement {using=xpath, value=//*[contains(text(), 'John Smith')]}]
Capabilities {acceptInsecureCerts: false, browserName: chrome, browserVersion: 107.0.5304.110, chrome: {chromedriverVersion: 107.0.5304.62 (1eec40d3a576..., userDataDir: /var/folders/l_/mxlyqq6d6qz...}, goog:chromeOptions: {debuggerAddress: localhost:53315}, networkConnectionEnabled: false, pageLoadStrategy: normal, platformName: MAC, proxy: Proxy(), se:cdp: ws://localhost:53315/devtoo..., se:cdpVersion: 107.0.5304.110, setWindowRect: true, strictFileInteractability: false, timeouts: {implicit: 0, pageLoad: 300000, script: 30000}, unhandledPromptBehavior: dismiss and notify, webauthn:extension:credBlob: true, webauthn:extension:largeBlob: true, webauthn:virtualAuthenticators: true}
Session ID: b41eef1247cc91c393a2fad3665f3958
	at java.base/jdk.internal.reflect.NativeConstructorAccessorImpl.newInstance0(Native Method)
	at java.base/jdk.internal.reflect.NativeConstructorAccessorImpl.newInstance(NativeConstructorAccessorImpl.java:62)
	at java.base/jdk.internal.reflect.DelegatingConstructorAccessorImpl.newInstance(DelegatingConstructorAccessorImpl.java:45)
	at java.base/java.lang.reflect.Constructor.newInstance(Constructor.java:490)
	at org.openqa.selenium.remote.codec.w3c.W3CHttpResponseCodec.createException(W3CHttpResponseCodec.java:200)
	at org.openqa.selenium.remote.codec.w3c.W3CHttpResponseCodec.decode(W3CHttpResponseCodec.java:133)
	at org.openqa.selenium.remote.codec.w3c.W3CHttpResponseCodec.decode(W3CHttpResponseCodec.java:53)
	at org.openqa.selenium.remote.HttpCommandExecutor.execute(HttpCommandExecutor.java:184)
	at org.openqa.selenium.remote.service.DriverCommandExecutor.invokeExecute(DriverCommandExecutor.java:167)
	at org.openqa.selenium.remote.service.DriverCommandExecutor.execute(DriverCommandExecutor.java:142)
	at org.openqa.selenium.remote.RemoteWebDriver.execute(RemoteWebDriver.java:541)
	at org.openqa.selenium.remote.ElementLocation$ElementFinder$2.findElement(ElementLocation.java:162)
	at org.openqa.selenium.remote.ElementLocation.findElement(ElementLocation.java:60)
	at org.openqa.selenium.remote.RemoteWebDriver.findElement(RemoteWebDriver.java:365)
	at org.openqa.selenium.remote.RemoteWebDriver.findElement(RemoteWebDriver.java:357)
	at jdk.internal.reflect.GeneratedMethodAccessor3.invoke(Unknown Source)
	at java.base/jdk.internal.reflect.DelegatingMethodAccessorImpl.invoke(DelegatingMethodAccessorImpl.java:43)
	at java.base/java.lang.reflect.Method.invoke(Method.java:566)
	at org.openqa.selenium.support.events.EventFiringWebDriver.lambda$new$1(EventFiringWebDriver.java:106)
	at com.sun.proxy.$Proxy15.findElement(Unknown Source)
	at org.openqa.selenium.support.events.EventFiringWebDriver.findElement(EventFiringWebDriver.java:195)
	at org.openqa.selenium.support.pagefactory.DefaultElementLocator.findElement(DefaultElementLocator.java:70)
	at org.openqa.selenium.support.pagefactory.internal.LocatingElementHandler.invoke(LocatingElementHandler.java:39)
	at com.sun.proxy.$Proxy19.isDisplayed(Unknown Source)
	at com.parabank.qa.pages.HomePage.verifyUsernameLabel(HomePage.java:36)
	at com.parabank.qa.testcases.HomePageTest.verifyUsernameLabelTest(HomePageTest.java:43)
	at java.base/jdk.internal.reflect.NativeMethodAccessorImpl.invoke0(Native Method)
	at java.base/jdk.internal.reflect.NativeMethodAccessorImpl.invoke(NativeMethodAccessorImpl.java:62)
	at java.base/jdk.internal.reflect.DelegatingMethodAccessorImpl.invoke(DelegatingMethodAccessorImpl.java:43)
	at java.base/java.lang.reflect.Method.invoke(Method.java:566)
	at org.testng.internal.MethodInvocationHelper.invokeMethod(MethodInvocationHelper.java:108)
	at org.testng.internal.Invoker.invokeMethod(Invoker.java:661)
	at org.testng.internal.Invoker.invokeTestMethod(Invoker.java:869)
	at org.testng.internal.Invoker.invokeTestMethods(Invoker.java:1193)
	at org.testng.internal.TestMethodWorker.invokeTestMethods(TestMethodWorker.java:126)
	at org.testng.internal.TestMethodWorker.run(TestMethodWorker.java:109)
	at org.testng.TestRunner.privateRun(TestRunner.java:744)
	at org.testng.TestRunner.run(TestRunner.java:602)
	at org.testng.SuiteRunner.runTest(SuiteRunner.java:380)
	at org.testng.SuiteRunner.runSequentially(SuiteRunner.java:375)
	at org.testng.SuiteRunner.privateRun(SuiteRunner.java:340)
	at org.testng.SuiteRunner.run(SuiteRunner.java:289)
	at org.testng.SuiteRunnerWorker.runSuite(SuiteRunnerWorker.java:52)
	at org.testng.SuiteRunnerWorker.run(SuiteRunnerWorker.java:86)
	at org.testng.TestNG.runSuitesSequentially(TestNG.java:1301)
	at org.testng.TestNG.runSuitesLocally(TestNG.java:1226)
	at org.testng.TestNG.runSuites(TestNG.java:1144)
	at org.testng.TestNG.run(TestNG.java:1115)
	at org.apache.maven.surefire.testng.TestNGExecutor.run(TestNGExecutor.java:77)
	at org.apache.maven.surefire.testng.TestNGDirectoryTestSuite.executeMulti(TestNGDirectoryTestSuite.java:159)
	at org.apache.maven.surefire.testng.TestNGDirectoryTestSuite.execute(TestNGDirectoryTestSuite.java:99)
	at org.apache.maven.surefire.testng.TestNGProvider.invoke(TestNGProvider.java:106)
	at java.base/jdk.internal.reflect.NativeMethodAccessorImpl.invoke0(Native Method)
	at java.base/jdk.internal.reflect.NativeMethodAccessorImpl.invoke(NativeMethodAccessorImpl.java:62)
	at java.base/jdk.internal.reflect.DelegatingMethodAccessorImpl.invoke(DelegatingMethodAccessorImpl.java:43)
	at java.base/java.lang.reflect.Method.invoke(Method.java:566)
	at org.apache.maven.surefire.util.ReflectionUtils.invokeMethodWithArray(ReflectionUtils.java:189)
	at org.apache.maven.surefire.booter.ProviderFactory$ProviderProxy.invoke(ProviderFactory.java:165)
	at org.apache.maven.surefire.booter.ProviderFactory.invokeProvider(ProviderFactory.java:85)
	at org.apache.maven.surefire.booter.ForkedBooter.runSuitesInProcess(ForkedBooter.java:115)
	at org.apache.maven.surefire.booter.ForkedBooter.main(ForkedBooter.java:75)
]]>
            </full-stacktrace>
          </exception> <!-- org.openqa.selenium.NoSuchElementException -->
          <reporter-output>
          </reporter-output>
        </test-method> <!-- verifyUsernameLabelTest -->
        <test-method is-config="true" signature="teardown()[pri:0, instance:com.parabank.qa.testcases.HomePageTest@3d51f06e]" started-at="2022-11-26T13:53:39Z" name="teardown" finished-at="2022-11-26T13:53:40Z" duration-ms="360" status="PASS">
          <reporter-output>
          </reporter-output>
        </test-method> <!-- teardown -->
        <test-method is-config="true" signature="setup()[pri:0, instance:com.parabank.qa.testcases.HomePageTest@3d51f06e]" started-at="2022-11-26T13:53:46Z" name="setup" finished-at="2022-11-26T13:53:54Z" duration-ms="8550" status="PASS">
          <reporter-output>
          </reporter-output>
        </test-method> <!-- setup -->
        <test-method signature="verifyRequestLoanLink()[pri:3, instance:com.parabank.qa.testcases.HomePageTest@3d51f06e]" started-at="2022-11-26T13:53:54Z" name="verifyRequestLoanLink" finished-at="2022-11-26T13:53:55Z" duration-ms="580" status="PASS">
          <reporter-output>
          </reporter-output>
        </test-method> <!-- verifyRequestLoanLink -->
        <test-method is-config="true" signature="teardown()[pri:0, instance:com.parabank.qa.testcases.HomePageTest@3d51f06e]" started-at="2022-11-26T13:53:55Z" name="teardown" finished-at="2022-11-26T13:53:55Z" duration-ms="330" status="PASS">
          <reporter-output>
          </reporter-output>
        </test-method> <!-- teardown -->
      </class> <!-- com.parabank.qa.testcases.HomePageTest -->
    </test> <!-- Command line test -->
  </suite> <!-- Command line suite -->
</testng-results>
