<?xml version="1.0" encoding="UTF-8" ?>
<testsuite tests="10" failures="1" name="TestSuite" time="21.688" errors="0" skipped="0">
  <properties>
[...]
</properties>
  <testcase classname="com.parabank.qa.testcases.RequestLoanPageTest" name="verifyRequestLoanLabel" time="0.109"/>
  <testcase classname="com.parabank.qa.testcases.HomePageTest" name="verifyHomePageTitleTest" time="0.017"/>
  <testcase classname="com.parabank.qa.testcases.LoginPageTest" name="loginPageTitleTest" time="0.013"/>
  <testcase classname="com.parabank.qa.testcases.RequestLoanPageTest" name="applyLoanApplication" time="2.984"/>
  <testcase classname="com.parabank.qa.testcases.RequestLoanPageTest" name="applyLoanApplication" time="2.97"/>
  <testcase classname="com.parabank.qa.testcases.RequestLoanPageTest" name="applyLoanApplication" time="3.074"/>
  <testcase classname="com.parabank.qa.testcases.HomePageTest" name="verifyUsernameLabelTest" time="10.606">
    <failure message="no such element: Unable to locate element: {&quot;method&quot;:&quot;xpath&quot;,&quot;selector&quot;:&quot;//*[contains(text(), &apos;John Smith&apos;)]&quot;}
  (Session info: chrome=107.0.5304.110)
For documentation on this error, please visit: https://selenium.dev/exceptions/#no_such_element
Build info: version: &apos;4.6.0&apos;, revision: &apos;79f1c02ae20&apos;
System info: os.name: &apos;Mac OS X&apos;, os.arch: &apos;x86_64&apos;, os.version: &apos;10.16&apos;, java.version: &apos;11.0.11&apos;
Driver info: org.openqa.selenium.chrome.ChromeDriver
Command: [b41eef1247cc91c393a2fad3665f3958, findElement {using=xpath, value=//*[contains(text(), &apos;John Smith&apos;)]}]
Capabilities {acceptInsecureCerts: false, browserName: chrome, browserVersion: 107.0.5304.110, chrome: {chromedriverVersion: 107.0.5304.62 (1eec40d3a576..., userDataDir: /var/folders/l_/mxlyqq6d6qz...}, goog:chromeOptions: {debuggerAddress: localhost:53315}, networkConnectionEnabled: false, pageLoadStrategy: normal, platformName: MAC, proxy: Proxy(), se:cdp: ws://localhost:53315/devtoo..., se:cdpVersion: 107.0.5304.110, setWindowRect: true, strictFileInteractability: false, timeouts: {implicit: 0, pageLoad: 300000, script: 30000}, unhandledPromptBehavior: dismiss and notify, webauthn:extension:credBlob: true, webauthn:extension:largeBlob: true, webauthn:virtualAuthenticators: true}
Session ID: b41eef1247cc91c393a2fad3665f3958" type="org.openqa.selenium.NoSuchElementException">org.openqa.selenium.NoSuchElementException: no such element: Unable to locate element: {&quot;method&quot;:&quot;xpath&quot;,&quot;selector&quot;:&quot;//*[contains(text(), &apos;John Smith&apos;)]&quot;}
  (Session info: chrome=107.0.5304.110)
For documentation on this error, please visit: https://selenium.dev/exceptions/#no_such_element
Build info: version: &apos;4.6.0&apos;, revision: &apos;79f1c02ae20&apos;
System info: os.name: &apos;Mac OS X&apos;, os.arch: &apos;x86_64&apos;, os.version: &apos;10.16&apos;, java.version: &apos;11.0.11&apos;
Driver info: org.openqa.selenium.chrome.ChromeDriver
Command: [b41eef1247cc91c393a2fad3665f3958, findElement {using=xpath, value=//*[contains(text(), &apos;John Smith&apos;)]}]
Capabilities {acceptInsecureCerts: false, browserName: chrome, browserVersion: 107.0.5304.110, chrome: {chromedriverVersion: 107.0.5304.62 (1eec40d3a576..., userDataDir: /var/folders/l_/mxlyqq6d6qz...}, goog:chromeOptions: {debuggerAddress: localhost:53315}, networkConnectionEnabled: false, pageLoadStrategy: normal, platformName: MAC, proxy: Proxy(), se:cdp: ws://localhost:53315/devtoo..., se:cdpVersion: 107.0.5304.110, setWindowRect: true, strictFileInteractability: false, timeouts: {implicit: 0, pageLoad: 300000, script: 30000}, unhandledPromptBehavior: dismiss and notify, webauthn:extension:credBlob: true, webauthn:extension:largeBlob: true, webauthn:virtualAuthenticators: true}
Session ID: b41eef1247cc91c393a2fad3665f3958
	at java.base/jdk.internal.reflect.NativeConstructorAccessorImpl.newInstance0(Native Method)
	at java.base/jdk.internal.reflect.NativeConstructorAccessorImpl.newInstance(NativeConstructorAccessorImpl.java:62)
	at java.base/jdk.internal.reflect.DelegatingConstructorAccessorImpl.newInstance(DelegatingConstructorAccessorImpl.java:45)
	at java.base/java.lang.reflect.Constructor.newInstance(Constructor.java:490)
	at org.openqa.selenium.remote.codec.w3c.W3CHttpResponseCodec.createException(W3CHttpResponseCodec.java:200)
	at org.openqa.selenium.remote.codec.w3c.W3CHttpResponseCodec.decode(W3CHttpResponseCodec.java:133)
	at org.openqa.selenium.remote.codec.w3c.W3CHttpResponseCodec.decode(W3CHttpResponseCodec.java:53)
	at org.openqa.selenium.remote.HttpCommandExecutor.execute(HttpCommandExecutor.java:184)
	at org.openqa.selenium.remote.service.DriverCommandExecutor.invokeExecute(DriverCommandExecutor.java:167)
	at org.openqa.selenium.remote.service.DriverCommandExecutor.execute(DriverCommandExecutor.java:142)
	at org.openqa.selenium.remote.RemoteWebDriver.execute(RemoteWebDriver.java:541)
	at org.openqa.selenium.remote.ElementLocation$ElementFinder$2.findElement(ElementLocation.java:162)
	at org.openqa.selenium.remote.ElementLocation.findElement(ElementLocation.java:60)
	at org.openqa.selenium.remote.RemoteWebDriver.findElement(RemoteWebDriver.java:365)
	at org.openqa.selenium.remote.RemoteWebDriver.findElement(RemoteWebDriver.java:357)
	at jdk.internal.reflect.GeneratedMethodAccessor3.invoke(Unknown Source)
	at java.base/jdk.internal.reflect.DelegatingMethodAccessorImpl.invoke(DelegatingMethodAccessorImpl.java:43)
	at java.base/java.lang.reflect.Method.invoke(Method.java:566)
	at org.openqa.selenium.support.events.EventFiringWebDriver.lambda$new$1(EventFiringWebDriver.java:106)
	at com.sun.proxy.$Proxy15.findElement(Unknown Source)
	at org.openqa.selenium.support.events.EventFiringWebDriver.findElement(EventFiringWebDriver.java:195)
	at org.openqa.selenium.support.pagefactory.DefaultElementLocator.findElement(DefaultElementLocator.java:70)
	at org.openqa.selenium.support.pagefactory.internal.LocatingElementHandler.invoke(LocatingElementHandler.java:39)
	at com.sun.proxy.$Proxy19.isDisplayed(Unknown Source)
	at com.parabank.qa.pages.HomePage.verifyUsernameLabel(HomePage.java:36)
	at com.parabank.qa.testcases.HomePageTest.verifyUsernameLabelTest(HomePageTest.java:43)
</failure>
    <system-out>Before navigating to: &apos;https://parabank.parasoft.com/parabank/index.htm?ConnType=JDBC&apos;
Navigated to:&apos;https://parabank.parasoft.com/parabank/index.htm?ConnType=JDBC&apos;
Trying to find Element By : By.name: username
Found Element By : By.name: username
Trying to find Element By : By.name: password
Found Element By : By.name: password
Trying to find Element By : By.xpath: //input[@value=&apos;Log In&apos;]
Found Element By : By.xpath: //input[@value=&apos;Log In&apos;]
Trying to click on: [[ChromeDriver: chrome on MAC (b41eef1247cc91c393a2fad3665f3958)] -&gt; xpath: //input[@value=&apos;Log In&apos;]]
Clicked on: [[ChromeDriver: chrome on MAC (b41eef1247cc91c393a2fad3665f3958)] -&gt; xpath: //input[@value=&apos;Log In&apos;]]
Trying to find Element By : By.xpath: //*[contains(text(), &apos;John Smith&apos;)]
Exception occured: org.openqa.selenium.NoSuchElementException: no such element: Unable to locate element: {&quot;method&quot;:&quot;xpath&quot;,&quot;selector&quot;:&quot;//*[contains(text(), &apos;John Smith&apos;)]&quot;}
  (Session info: chrome=107.0.5304.110)
For documentation on this error, please visit: https://selenium.dev/exceptions/#no_such_element
Build info: version: &apos;4.6.0&apos;, revision: &apos;79f1c02ae20&apos;
System info: os.name: &apos;Mac OS X&apos;, os.arch: &apos;x86_64&apos;, os.version: &apos;10.16&apos;, java.version: &apos;11.0.11&apos;
Driver info: org.openqa.selenium.chrome.ChromeDriver
Command: [b41eef1247cc91c393a2fad3665f3958, findElement {using=xpath, value=//*[contains(text(), &apos;John Smith&apos;)]}]
Capabilities {acceptInsecureCerts: false, browserName: chrome, browserVersion: 107.0.5304.110, chrome: {chromedriverVersion: 107.0.5304.62 (1eec40d3a576..., userDataDir: /var/folders/l_/mxlyqq6d6qz...}, goog:chromeOptions: {debuggerAddress: localhost:53315}, networkConnectionEnabled: false, pageLoadStrategy: normal, platformName: MAC, proxy: Proxy(), se:cdp: ws://localhost:53315/devtoo..., se:cdpVersion: 107.0.5304.110, setWindowRect: true, strictFileInteractability: false, timeouts: {implicit: 0, pageLoad: 300000, script: 30000}, unhandledPromptBehavior: dismiss and notify, webauthn:extension:credBlob: true, webauthn:extension:largeBlob: true, webauthn:virtualAuthenticators: true}
Session ID: b41eef1247cc91c393a2fad3665f3958
</system-out>
    <system-err>Starting ChromeDriver 107.0.5304.62 (1eec40d3a5764881c92085aaee66d25075c159aa-refs/branch-heads/5304@{#942}) on port 32874
Only local connections are allowed.
Please see https://chromedriver.chromium.org/security-considerations for suggestions on keeping ChromeDriver safe.
ChromeDriver was started successfully.
</system-err>
  </testcase>
  <testcase classname="com.parabank.qa.testcases.LoginPageTest" name="bankLogoTest" time="0.064"/>
  <testcase classname="com.parabank.qa.testcases.HomePageTest" name="verifyRequestLoanLink" time="0.582"/>
  <testcase classname="com.parabank.qa.testcases.LoginPageTest" name="loginTest" time="1.269"/>
</testsuite>