<?xml version="1.0" encoding="UTF-8"?>
<testng-results skipped="0" failed="1" ignored="0" total="10" passed="9">
  <reporter-output>
  </reporter-output>
  <suite name="PARABANK Test Application Automation Test Suite" duration-ms="135368" started-at="2022-11-25T04:26:43Z" finished-at="2022-11-25T04:28:58Z">
    <groups>
    </groups>
    <test name="Parabank Web Test Cases" duration-ms="135368" started-at="2022-11-25T04:26:43Z" finished-at="2022-11-25T04:28:58Z">
      <class name="com.parabank.qa.testcases.RequestLoanPageTest">
        <test-method status="PASS" signature="setup()[pri:0, instance:com.parabank.qa.testcases.RequestLoanPageTest@63021689]" name="setup" is-config="true" duration-ms="10519" started-at="2022-11-25T09:57:17Z" finished-at="2022-11-25T09:57:27Z">
          <reporter-output>
          </reporter-output>
        </test-method> <!-- setup -->
        <test-method status="PASS" signature="verifyRequestLoanLabel()[pri:1, instance:com.parabank.qa.testcases.RequestLoanPageTest@63021689]" name="verifyRequestLoanLabel" duration-ms="81" started-at="2022-11-25T09:57:27Z" finished-at="2022-11-25T09:57:28Z">
          <reporter-output>
          </reporter-output>
        </test-method> <!-- verifyRequestLoanLabel -->
        <test-method status="PASS" signature="teardown()[pri:0, instance:com.parabank.qa.testcases.RequestLoanPageTest@63021689]" name="teardown" is-config="true" duration-ms="291" started-at="2022-11-25T09:57:28Z" finished-at="2022-11-25T09:57:28Z">
          <reporter-output>
          </reporter-output>
        </test-method> <!-- teardown -->
        <test-method status="PASS" signature="setup()[pri:0, instance:com.parabank.qa.testcases.RequestLoanPageTest@63021689]" name="setup" is-config="true" duration-ms="11587" started-at="2022-11-25T09:57:57Z" finished-at="2022-11-25T09:58:09Z">
          <reporter-output>
          </reporter-output>
        </test-method> <!-- setup -->
        <test-method status="PASS" signature="applyLoanApplication(java.lang.String, java.lang.String, java.lang.String)[pri:2, instance:com.parabank.qa.testcases.RequestLoanPageTest@63021689]" name="applyLoanApplication" duration-ms="3611" started-at="2022-11-25T09:58:09Z" data-provider="getRequestLoanTestData" finished-at="2022-11-25T09:58:12Z">
          <params>
            <param index="0">
              <value>
                <![CDATA[1200.0]]>
              </value>
            </param>
            <param index="1">
              <value>
                <![CDATA[200.0]]>
              </value>
            </param>
            <param index="2">
              <value>
                <![CDATA[0.0]]>
              </value>
            </param>
          </params>
          <reporter-output>
          </reporter-output>
        </test-method> <!-- applyLoanApplication -->
        <test-method status="PASS" signature="teardown()[pri:0, instance:com.parabank.qa.testcases.RequestLoanPageTest@63021689]" name="teardown" is-config="true" duration-ms="276" started-at="2022-11-25T09:58:12Z" finished-at="2022-11-25T09:58:13Z">
          <reporter-output>
          </reporter-output>
        </test-method> <!-- teardown -->
        <test-method status="PASS" signature="setup()[pri:0, instance:com.parabank.qa.testcases.RequestLoanPageTest@63021689]" name="setup" is-config="true" duration-ms="10567" started-at="2022-11-25T09:58:13Z" finished-at="2022-11-25T09:58:23Z">
          <reporter-output>
          </reporter-output>
        </test-method> <!-- setup -->
        <test-method status="PASS" signature="applyLoanApplication(java.lang.String, java.lang.String, java.lang.String)[pri:2, instance:com.parabank.qa.testcases.RequestLoanPageTest@63021689]" name="applyLoanApplication" duration-ms="2932" started-at="2022-11-25T09:58:23Z" data-provider="getRequestLoanTestData" finished-at="2022-11-25T09:58:26Z">
          <params>
            <param index="0">
              <value>
                <![CDATA[1500.0]]>
              </value>
            </param>
            <param index="1">
              <value>
                <![CDATA[500.0]]>
              </value>
            </param>
            <param index="2">
              <value>
                <![CDATA[1.0]]>
              </value>
            </param>
          </params>
          <reporter-output>
          </reporter-output>
        </test-method> <!-- applyLoanApplication -->
        <test-method status="PASS" signature="teardown()[pri:0, instance:com.parabank.qa.testcases.RequestLoanPageTest@63021689]" name="teardown" is-config="true" duration-ms="232" started-at="2022-11-25T09:58:26Z" finished-at="2022-11-25T09:58:26Z">
          <reporter-output>
          </reporter-output>
        </test-method> <!-- teardown -->
        <test-method status="PASS" signature="setup()[pri:0, instance:com.parabank.qa.testcases.RequestLoanPageTest@63021689]" name="setup" is-config="true" duration-ms="10063" started-at="2022-11-25T09:58:26Z" finished-at="2022-11-25T09:58:36Z">
          <reporter-output>
          </reporter-output>
        </test-method> <!-- setup -->
        <test-method status="PASS" signature="applyLoanApplication(java.lang.String, java.lang.String, java.lang.String)[pri:2, instance:com.parabank.qa.testcases.RequestLoanPageTest@63021689]" name="applyLoanApplication" duration-ms="2966" started-at="2022-11-25T09:58:36Z" data-provider="getRequestLoanTestData" finished-at="2022-11-25T09:58:39Z">
          <params>
            <param index="0">
              <value>
                <![CDATA[2000.0]]>
              </value>
            </param>
            <param index="1">
              <value>
                <![CDATA[600.0]]>
              </value>
            </param>
            <param index="2">
              <value>
                <![CDATA[0.0]]>
              </value>
            </param>
          </params>
          <reporter-output>
          </reporter-output>
        </test-method> <!-- applyLoanApplication -->
        <test-method status="PASS" signature="teardown()[pri:0, instance:com.parabank.qa.testcases.RequestLoanPageTest@63021689]" name="teardown" is-config="true" duration-ms="289" started-at="2022-11-25T09:58:39Z" finished-at="2022-11-25T09:58:40Z">
          <reporter-output>
          </reporter-output>
        </test-method> <!-- teardown -->
      </class> <!-- com.parabank.qa.testcases.RequestLoanPageTest -->
      <class name="com.parabank.qa.testcases.LoginPageTest">
        <test-method status="PASS" signature="setup()[pri:0, instance:com.parabank.qa.testcases.LoginPageTest@3e2e18f2]" name="setup" is-config="true" duration-ms="24151" started-at="2022-11-25T09:56:43Z" finished-at="2022-11-25T09:57:07Z">
          <reporter-output>
          </reporter-output>
        </test-method> <!-- setup -->
        <test-method status="PASS" signature="loginPageTitleTest()[pri:1, instance:com.parabank.qa.testcases.LoginPageTest@3e2e18f2]" name="loginPageTitleTest" duration-ms="43" started-at="2022-11-25T09:57:07Z" finished-at="2022-11-25T09:57:07Z">
          <reporter-output>
          </reporter-output>
        </test-method> <!-- loginPageTitleTest -->
        <test-method status="PASS" signature="teardown()[pri:0, instance:com.parabank.qa.testcases.LoginPageTest@3e2e18f2]" name="teardown" is-config="true" duration-ms="356" started-at="2022-11-25T09:57:07Z" finished-at="2022-11-25T09:57:07Z">
          <reporter-output>
          </reporter-output>
        </test-method> <!-- teardown -->
        <test-method status="PASS" signature="setup()[pri:0, instance:com.parabank.qa.testcases.LoginPageTest@3e2e18f2]" name="setup" is-config="true" duration-ms="6850" started-at="2022-11-25T09:57:28Z" finished-at="2022-11-25T09:57:35Z">
          <reporter-output>
          </reporter-output>
        </test-method> <!-- setup -->
        <test-method status="PASS" signature="bankLogoTest()[pri:2, instance:com.parabank.qa.testcases.LoginPageTest@3e2e18f2]" name="bankLogoTest" duration-ms="52" started-at="2022-11-25T09:57:35Z" finished-at="2022-11-25T09:57:35Z">
          <reporter-output>
          </reporter-output>
        </test-method> <!-- bankLogoTest -->
        <test-method status="PASS" signature="teardown()[pri:0, instance:com.parabank.qa.testcases.LoginPageTest@3e2e18f2]" name="teardown" is-config="true" duration-ms="200" started-at="2022-11-25T09:57:35Z" finished-at="2022-11-25T09:57:35Z">
          <reporter-output>
          </reporter-output>
        </test-method> <!-- teardown -->
        <test-method status="PASS" signature="setup()[pri:0, instance:com.parabank.qa.testcases.LoginPageTest@3e2e18f2]" name="setup" is-config="true" duration-ms="7374" started-at="2022-11-25T09:58:40Z" finished-at="2022-11-25T09:58:47Z">
          <reporter-output>
          </reporter-output>
        </test-method> <!-- setup -->
        <test-method status="PASS" signature="loginTest()[pri:3, instance:com.parabank.qa.testcases.LoginPageTest@3e2e18f2]" name="loginTest" duration-ms="1198" started-at="2022-11-25T09:58:47Z" finished-at="2022-11-25T09:58:48Z">
          <reporter-output>
          </reporter-output>
        </test-method> <!-- loginTest -->
        <test-method status="PASS" signature="teardown()[pri:0, instance:com.parabank.qa.testcases.LoginPageTest@3e2e18f2]" name="teardown" is-config="true" duration-ms="232" started-at="2022-11-25T09:58:48Z" finished-at="2022-11-25T09:58:48Z">
          <reporter-output>
          </reporter-output>
        </test-method> <!-- teardown -->
      </class> <!-- com.parabank.qa.testcases.LoginPageTest -->
      <class name="com.parabank.qa.testcases.HomePageTest">
        <test-method status="PASS" signature="setup()[pri:0, instance:com.parabank.qa.testcases.HomePageTest@470f1802]" name="setup" is-config="true" duration-ms="9153" started-at="2022-11-25T09:57:07Z" finished-at="2022-11-25T09:57:17Z">
          <reporter-output>
          </reporter-output>
        </test-method> <!-- setup -->
        <test-method status="PASS" signature="verifyHomePageTitleTest()[pri:1, instance:com.parabank.qa.testcases.HomePageTest@470f1802]" name="verifyHomePageTitleTest" duration-ms="16" started-at="2022-11-25T09:57:17Z" finished-at="2022-11-25T09:57:17Z">
          <reporter-output>
          </reporter-output>
        </test-method> <!-- verifyHomePageTitleTest -->
        <test-method status="PASS" signature="teardown()[pri:0, instance:com.parabank.qa.testcases.HomePageTest@470f1802]" name="teardown" is-config="true" duration-ms="362" started-at="2022-11-25T09:57:17Z" finished-at="2022-11-25T09:57:17Z">
          <reporter-output>
          </reporter-output>
        </test-method> <!-- teardown -->
        <test-method status="PASS" signature="setup()[pri:0, instance:com.parabank.qa.testcases.HomePageTest@470f1802]" name="setup" is-config="true" duration-ms="7936" started-at="2022-11-25T09:57:35Z" finished-at="2022-11-25T09:57:43Z">
          <reporter-output>
          </reporter-output>
        </test-method> <!-- setup -->
        <test-method status="FAIL" signature="verifyUsernameLabelTest()[pri:2, instance:com.parabank.qa.testcases.HomePageTest@470f1802]" name="verifyUsernameLabelTest" duration-ms="11883" started-at="2022-11-25T09:57:43Z" finished-at="2022-11-25T09:57:55Z">
          <exception class="org.openqa.selenium.NoSuchElementException">
            <message>
              <![CDATA[no such element: Unable to locate element: {"method":"xpath","selector":"//*[contains(text(), 'John Smith')]"}
  (Session info: chrome=107.0.5304.110)
For documentation on this error, please visit: https://selenium.dev/exceptions/#no_such_element
Build info: version: '4.6.0', revision: '79f1c02ae20'
System info: os.name: 'Mac OS X', os.arch: 'x86_64', os.version: '10.16', java.version: '1.8.0_291'
Driver info: org.openqa.selenium.chrome.ChromeDriver
Command: [bbf77052a22c923301d64c4e044ebac9, findElement {using=xpath, value=//*[contains(text(), 'John Smith')]}]
Capabilities {acceptInsecureCerts: false, browserName: chrome, browserVersion: 107.0.5304.110, chrome: {chromedriverVersion: 107.0.5304.62 (1eec40d3a576..., userDataDir: /var/folders/l_/mxlyqq6d6qz...}, goog:chromeOptions: {debuggerAddress: localhost:50779}, networkConnectionEnabled: false, pageLoadStrategy: normal, platformName: MAC, proxy: Proxy(), se:cdp: ws://localhost:50779/devtoo..., se:cdpVersion: 107.0.5304.110, setWindowRect: true, strictFileInteractability: false, timeouts: {implicit: 0, pageLoad: 300000, script: 30000}, unhandledPromptBehavior: dismiss and notify, webauthn:extension:credBlob: true, webauthn:extension:largeBlob: true, webauthn:virtualAuthenticators: true}
Session ID: bbf77052a22c923301d64c4e044ebac9]]>
            </message>
            <full-stacktrace>
              <![CDATA[org.openqa.selenium.NoSuchElementException: no such element: Unable to locate element: {"method":"xpath","selector":"//*[contains(text(), 'John Smith')]"}
  (Session info: chrome=107.0.5304.110)
For documentation on this error, please visit: https://selenium.dev/exceptions/#no_such_element
Build info: version: '4.6.0', revision: '79f1c02ae20'
System info: os.name: 'Mac OS X', os.arch: 'x86_64', os.version: '10.16', java.version: '1.8.0_291'
Driver info: org.openqa.selenium.chrome.ChromeDriver
Command: [bbf77052a22c923301d64c4e044ebac9, findElement {using=xpath, value=//*[contains(text(), 'John Smith')]}]
Capabilities {acceptInsecureCerts: false, browserName: chrome, browserVersion: 107.0.5304.110, chrome: {chromedriverVersion: 107.0.5304.62 (1eec40d3a576..., userDataDir: /var/folders/l_/mxlyqq6d6qz...}, goog:chromeOptions: {debuggerAddress: localhost:50779}, networkConnectionEnabled: false, pageLoadStrategy: normal, platformName: MAC, proxy: Proxy(), se:cdp: ws://localhost:50779/devtoo..., se:cdpVersion: 107.0.5304.110, setWindowRect: true, strictFileInteractability: false, timeouts: {implicit: 0, pageLoad: 300000, script: 30000}, unhandledPromptBehavior: dismiss and notify, webauthn:extension:credBlob: true, webauthn:extension:largeBlob: true, webauthn:virtualAuthenticators: true}
Session ID: bbf77052a22c923301d64c4e044ebac9
	at sun.reflect.NativeConstructorAccessorImpl.newInstance0(Native Method)
	at sun.reflect.NativeConstructorAccessorImpl.newInstance(NativeConstructorAccessorImpl.java:62)
	at sun.reflect.DelegatingConstructorAccessorImpl.newInstance(DelegatingConstructorAccessorImpl.java:45)
	at java.lang.reflect.Constructor.newInstance(Constructor.java:423)
	at org.openqa.selenium.remote.codec.w3c.W3CHttpResponseCodec.createException(W3CHttpResponseCodec.java:200)
	at org.openqa.selenium.remote.codec.w3c.W3CHttpResponseCodec.decode(W3CHttpResponseCodec.java:133)
	at org.openqa.selenium.remote.codec.w3c.W3CHttpResponseCodec.decode(W3CHttpResponseCodec.java:53)
	at org.openqa.selenium.remote.HttpCommandExecutor.execute(HttpCommandExecutor.java:184)
	at org.openqa.selenium.remote.service.DriverCommandExecutor.invokeExecute(DriverCommandExecutor.java:167)
	at org.openqa.selenium.remote.service.DriverCommandExecutor.execute(DriverCommandExecutor.java:142)
	at org.openqa.selenium.remote.RemoteWebDriver.execute(RemoteWebDriver.java:541)
	at org.openqa.selenium.remote.ElementLocation$ElementFinder$2.findElement(ElementLocation.java:162)
	at org.openqa.selenium.remote.ElementLocation.findElement(ElementLocation.java:60)
	at org.openqa.selenium.remote.RemoteWebDriver.findElement(RemoteWebDriver.java:365)
	at org.openqa.selenium.remote.RemoteWebDriver.findElement(RemoteWebDriver.java:357)
	at sun.reflect.NativeMethodAccessorImpl.invoke0(Native Method)
	at sun.reflect.NativeMethodAccessorImpl.invoke(NativeMethodAccessorImpl.java:62)
	at sun.reflect.DelegatingMethodAccessorImpl.invoke(DelegatingMethodAccessorImpl.java:43)
	at java.lang.reflect.Method.invoke(Method.java:498)
	at org.openqa.selenium.support.events.EventFiringWebDriver.lambda$new$1(EventFiringWebDriver.java:106)
	at com.sun.proxy.$Proxy17.findElement(Unknown Source)
	at org.openqa.selenium.support.events.EventFiringWebDriver.findElement(EventFiringWebDriver.java:195)
	at org.openqa.selenium.support.pagefactory.DefaultElementLocator.findElement(DefaultElementLocator.java:70)
	at org.openqa.selenium.support.pagefactory.internal.LocatingElementHandler.invoke(LocatingElementHandler.java:39)
	at com.sun.proxy.$Proxy21.isDisplayed(Unknown Source)
	at com.parabank.qa.pages.HomePage.verifyUsernameLabel(HomePage.java:36)
	at com.parabank.qa.testcases.HomePageTest.verifyUsernameLabelTest(HomePageTest.java:43)
	at sun.reflect.NativeMethodAccessorImpl.invoke0(Native Method)
	at sun.reflect.NativeMethodAccessorImpl.invoke(NativeMethodAccessorImpl.java:62)
	at sun.reflect.DelegatingMethodAccessorImpl.invoke(DelegatingMethodAccessorImpl.java:43)
	at java.lang.reflect.Method.invoke(Method.java:498)
	at org.testng.internal.MethodInvocationHelper.invokeMethod(MethodInvocationHelper.java:108)
	at org.testng.internal.Invoker.invokeMethod(Invoker.java:661)
	at org.testng.internal.Invoker.invokeTestMethod(Invoker.java:869)
	at org.testng.internal.Invoker.invokeTestMethods(Invoker.java:1193)
	at org.testng.internal.TestMethodWorker.invokeTestMethods(TestMethodWorker.java:126)
	at org.testng.internal.TestMethodWorker.run(TestMethodWorker.java:109)
	at org.testng.TestRunner.privateRun(TestRunner.java:744)
	at org.testng.TestRunner.run(TestRunner.java:602)
	at org.testng.SuiteRunner.runTest(SuiteRunner.java:380)
	at org.testng.SuiteRunner.runSequentially(SuiteRunner.java:375)
	at org.testng.SuiteRunner.privateRun(SuiteRunner.java:340)
	at org.testng.SuiteRunner.run(SuiteRunner.java:289)
	at org.testng.SuiteRunnerWorker.runSuite(SuiteRunnerWorker.java:52)
	at org.testng.SuiteRunnerWorker.run(SuiteRunnerWorker.java:86)
	at org.testng.TestNG.runSuitesSequentially(TestNG.java:1301)
	at org.testng.TestNG.runSuitesLocally(TestNG.java:1226)
	at org.testng.TestNG.runSuites(TestNG.java:1144)
	at org.testng.TestNG.run(TestNG.java:1115)
	at org.testng.remote.AbstractRemoteTestNG.run(AbstractRemoteTestNG.java:115)
	at org.testng.remote.RemoteTestNG.initAndRun(RemoteTestNG.java:251)
	at org.testng.remote.RemoteTestNG.main(RemoteTestNG.java:77)
]]>
            </full-stacktrace>
          </exception> <!-- org.openqa.selenium.NoSuchElementException -->
          <reporter-output>
          </reporter-output>
        </test-method> <!-- verifyUsernameLabelTest -->
        <test-method status="PASS" signature="teardown()[pri:0, instance:com.parabank.qa.testcases.HomePageTest@470f1802]" name="teardown" is-config="true" duration-ms="435" started-at="2022-11-25T09:57:55Z" finished-at="2022-11-25T09:57:55Z">
          <reporter-output>
          </reporter-output>
        </test-method> <!-- teardown -->
        <test-method status="PASS" signature="setup()[pri:0, instance:com.parabank.qa.testcases.HomePageTest@470f1802]" name="setup" is-config="true" duration-ms="8801" started-at="2022-11-25T09:58:48Z" finished-at="2022-11-25T09:58:57Z">
          <reporter-output>
          </reporter-output>
        </test-method> <!-- setup -->
        <test-method status="PASS" signature="verifyRequestLoanLink()[pri:3, instance:com.parabank.qa.testcases.HomePageTest@470f1802]" name="verifyRequestLoanLink" duration-ms="560" started-at="2022-11-25T09:58:57Z" finished-at="2022-11-25T09:58:58Z">
          <reporter-output>
          </reporter-output>
        </test-method> <!-- verifyRequestLoanLink -->
        <test-method status="PASS" signature="teardown()[pri:0, instance:com.parabank.qa.testcases.HomePageTest@470f1802]" name="teardown" is-config="true" duration-ms="303" started-at="2022-11-25T09:58:58Z" finished-at="2022-11-25T09:58:58Z">
          <reporter-output>
          </reporter-output>
        </test-method> <!-- teardown -->
      </class> <!-- com.parabank.qa.testcases.HomePageTest -->
    </test> <!-- Parabank Web Test Cases -->
  </suite> <!-- PARABANK Test Application Automation Test Suite -->
</testng-results>
